<?xml version="1.0" encoding="UTF-8"?>
<!-- Generated by org.testng.reporters.JUnitReportReporter -->
<testsuite hostname="MRINMOY" failures="0" tests="1" name="com.crm.autodesk.QuestionAnswerTest" time="23.477" errors="0" timestamp="2022-06-06T23:24:01 IST" skipped="0">
  <testcase classname="com.crm.autodesk.QuestionAnswerTest" name="plumbing" time="23.477"/>
  <system-out/>
</testsuite> <!-- com.crm.autodesk.QuestionAnswerTest -->
